[0;36mв•”в•ђв•ђв•ђв•ђв•ђв•ђв•ђв•ђв•ђв•ђв•ђв•ђв•ђв•ђв•ђв•ђв•ђв•ђв•ђв•ђв•ђв•ђв•ђв•ђв•ђв•ђв•ђв•ђв•ђв•ђв•ђв•ђв•ђв•ђв•ђв•ђв•ђв•ђв•ђв•ђв•ђв•ђв•ђв•ђв•ђв•ђв•ђв•ђв•ђв•ђв•ђв•ђв•ђв•ђв•ђв•ђв•ђв•ђв•ђв•ђв•—[0m
[0;36mв•‘[0m [1mAEGIS V2 INTERACTIVE EXECUTION[0m
[0;36mв•‘[0m Complete system: Bootstrap в†’ Refactoring в†’ Build в†’ Test
[0;36mв•љв•ђв•ђв•ђв•ђв•ђв•ђв•ђв•ђв•ђв•ђв•ђв•ђв•ђв•ђв•ђв•ђв•ђв•ђв•ђв•ђв•ђв•ђв•ђв•ђв•ђв•ђв•ђв•ђв•ђв•ђв•ђв•ђв•ђв•ђв•ђв•ђв•ђв•ђв•ђв•ђв•ђв•ђв•ђв•ђв•ђв•ђв•ђв•ђв•ђв•ђв•ђв•ђв•ђв•ђв•ђв•ђв•ђв•ђв•ђв•ђв•ќ[0m

Requirements:
  вњ“ POLYGON_API_KEY set
  вњ“ AEGIS_ROOT directory exists
  вњ“ 500+ hours for all phases

Approval gates will be requested before each phase.
You can continue (c), skip (s), or quit (q) at any point.

[0;36mStarting Phase 0 Bootstrap...[0m

[0;34mв•”в•ђв•ђв•ђв•ђв•ђв•ђв•ђв•ђв•ђв•ђв•ђв•ђв•ђв•ђв•ђв•ђв•ђв•ђв•ђв•ђв•ђв•ђв•ђв•ђв•ђв•ђв•ђв•ђв•ђв•ђв•ђв•ђв•ђв•ђв•ђв•ђв•ђв•ђв•ђв•ђв•ђв•ђв•ђв•ђв•ђв•ђв•ђв•ђв•ђв•ђв•ђв•ђв•ђв•ђв•ђв•ђв•ђв•ђв•ђв•ђв•—[0m
[0;34mв•‘[0m [1mPHASE 0: Bootstrap - Option D Data Caches[0m
[0;34mв•‘[0m ETA: ~90 minutes
[0;34mв•љв•ђв•ђв•ђв•ђв•ђв•ђв•ђв•ђв•ђв•ђв•ђв•ђв•ђв•ђв•ђв•ђв•ђв•ђв•ђв•ђв•ђв•ђв•ђв•ђв•ђв•ђв•ђв•ђв•ђв•ђв•ђв•ђв•ђв•ђв•ђв•ђв•ђв•ђв•ђв•ђв•ђв•ђв•ђв•ђв•ђв•ђв•ђв•ђв•ђв•ђв•ђв•ђв•ђв•ђв•ђв•ђв•ђв•ђв•ђв•ђв•ќ[0m

Tasks:
  1. Dividend calendar (150 API calls, 15-sec rate limit) вЂ” ~37.5 min
  2. Splits calendar (150 API calls, 15-sec rate limit) вЂ” ~37.5 min
  3. IBKR LSE contract discovery (real-time, zero latency) вЂ” ~2 min
  4. Validation of cached data


[0;36mReady to proceed to: [1mPHASE 0 Bootstrap[0m
[0;32m[AUTO-APPROVED] Continuing to PHASE 0 Bootstrap (non-interactive mode)[0m

[0;36mExecuting Phase 0 Bootstrap...[0m

14:19:36 [Task 1] Fetching Dividend Calendar...
  [429] Too Many Requests, retrying (attempt 1/3)
  [429] Too Many Requests, retrying (attempt 1/3)
  [429] Too Many Requests, retrying (attempt 1/3)
  [429] Too Many Requests, retrying (attempt 1/3)
  [429] Too Many Requests, retrying (attempt 1/3)
  [429] Too Many Requests, retrying (attempt 1/3)
  [429] Too Many Requests, retrying (attempt 1/3)
  [429] Too Many Requests, retrying (attempt 1/3)
  [429] Too Many Requests, retrying (attempt 1/3)
  [429] Too Many Requests, retrying (attempt 1/3)
  [429] Too Many Requests, retrying (attempt 1/3)
  [429] Too Many Requests, retrying (attempt 1/3)
  [429] Too Many Requests, retrying (attempt 1/3)
  [Error] HTTPSConnectionPool(host='api.polygon.io', port=443): Max retries exceeded with url: /v3/reference/d, retrying (attempt 2/3)
  [Error] HTTPSConnectionPool(host='api.polygon.io', port=443): Max retries exceeded with url: /v3/reference/d, retrying (attempt 3/3)
ERROR: HTTPSConnectionPool(host='api.polygon.io', port=443): Max retries exceeded with url: /v3/reference/dividends?sort=ex_dividend_date&limit=1000&order=desc&cursor=YXA9MzIwMDAmYXM9JmxpbWl0PTEwMDAmb3JkZXI9ZGVzYyZzb3J0PWV4X2RpdmlkZW5kX2RhdGU (Caused by NewConnectionError('<urllib3.connection.HTTPSConnection object at 0x101f05040>: Failed to establish a new connection: [Errno 8] nodename nor servname provided, or not known'))
